# JRE version: Java(TM) SE Runtime Environment (17.0.12+8) (build 17.0.12+8-LTS-286)
# Java VM: Java HotSpot(TM) 64-Bit Server VM (17.0.12+8-LTS-286, mixed mode, sharing, tiered, compressed oops, compressed class ptrs, g1 gc, windows-amd64)
GC Precious Log:
 CPUs: 4 total, 4 available
 Memory: 8067M
 Large Page Support: Disabled
 NUMA Support: Disabled
 Compressed Oops: Enabled (32-bit)
 Heap Region Size: 1M
 Heap Min Capacity: 8M
 Heap Initial Capacity: 8M
 Heap Max Capacity: 2018M
 Pre-touch: Disabled
 Parallel Workers: 4
 Concurrent Workers: 1
 Concurrent Refinement Workers: 4
 Periodic GC: Disabled
Heap:
 garbage-first heap   total 35840K, used 13077K [0x0000000081e00000, 0x0000000100000000)
  region size 1024K, 4 young (4096K), 2 survivors (2048K)
 Metaspace       used 10661K, committed 10816K, reserved 1114112K
  class space    used 1182K, committed 1280K, reserved 1048576K
GC Heap History (20 events):
Event: 1.191 GC heap after
{Heap after GC invocations=6 (full 0):
 garbage-first heap   total 10240K, used 3343K [0x0000000081e00000, 0x0000000100000000)
  region size 1024K, 1 young (1024K), 1 survivors (1024K)
 Metaspace       used 8085K, committed 8320K, reserved 1114112K
  class space    used 919K, committed 1024K, reserved 1048576K
}
Event: 1.371 GC heap before
{Heap before GC invocations=6 (full 0):
 garbage-first heap   total 10240K, used 4367K [0x0000000081e00000, 0x0000000100000000)
  region size 1024K, 3 young (3072K), 1 survivors (1024K)
 Metaspace       used 8605K, committed 8768K, reserved 1114112K
  class space    used 992K, committed 1088K, reserved 1048576K
}
Event: 1.377 GC heap after
{Heap after GC invocations=7 (full 0):
 garbage-first heap   total 10240K, used 4199K [0x0000000081e00000, 0x0000000100000000)
  region size 1024K, 1 young (1024K), 1 survivors (1024K)
 Metaspace       used 8605K, committed 8768K, reserved 1114112K
  class space    used 992K, committed 1088K, reserved 1048576K
}
Event: 1.455 GC heap before
{Heap before GC invocations=7 (full 0):
 garbage-first heap   total 10240K, used 5223K [0x0000000081e00000, 0x0000000100000000)
  region size 1024K, 2 young (2048K), 1 survivors (1024K)
 Metaspace       used 8725K, committed 8896K, reserved 1114112K
  class space    used 1004K, committed 1088K, reserved 1048576K
}
Event: 1.459 GC heap after
{Heap after GC invocations=8 (full 0):
 garbage-first heap   total 10240K, used 4470K [0x0000000081e00000, 0x0000000100000000)
  region size 1024K, 1 young (1024K), 1 survivors (1024K)
 Metaspace       used 8725K, committed 8896K, reserved 1114112K
  class space    used 1004K, committed 1088K, reserved 1048576K
}
Event: 1.506 GC heap before
{Heap before GC invocations=8 (full 0):
 garbage-first heap   total 10240K, used 5494K [0x0000000081e00000, 0x0000000100000000)
  region size 1024K, 2 young (2048K), 1 survivors (1024K)
 Metaspace       used 8771K, committed 8960K, reserved 1114112K
  class space    used 1004K, committed 1088K, reserved 1048576K
}
Event: 1.508 GC heap after
{Heap after GC invocations=9 (full 0):
 garbage-first heap   total 10240K, used 4583K [0x0000000081e00000, 0x0000000100000000)
  region size 1024K, 1 young (1024K), 1 survivors (1024K)
 Metaspace       used 8771K, committed 8960K, reserved 1114112K
  class space    used 1004K, committed 1088K, reserved 1048576K
}
Event: 1.566 GC heap before
{Heap before GC invocations=10 (full 0):
 garbage-first heap   total 12288K, used 5607K [0x0000000081e00000, 0x0000000100000000)
  region size 1024K, 2 young (2048K), 1 survivors (1024K)
 Metaspace       used 8863K, committed 9024K, reserved 1114112K
  class space    used 1019K, committed 1088K, reserved 1048576K
}
Event: 1.568 GC heap after
{Heap after GC invocations=11 (full 0):
 garbage-first heap   total 12288K, used 4723K [0x0000000081e00000, 0x0000000100000000)
  region size 1024K, 1 young (1024K), 1 survivors (1024K)
 Metaspace       used 8863K, committed 9024K, reserved 1114112K
  class space    used 1019K, committed 1088K, reserved 1048576K
}
Event: 1.629 GC heap before
{Heap before GC invocations=11 (full 0):
 garbage-first heap   total 12288K, used 5747K [0x0000000081e00000, 0x0000000100000000)
  region size 1024K, 2 young (2048K), 1 survivors (1024K)
 Metaspace       used 9011K, committed 9152K, reserved 1114112K
  class space    used 1037K, committed 1088K, reserved 1048576K
}
Event: 1.632 GC heap after
{Heap after GC invocations=12 (full 0):
 garbage-first heap   total 18432K, used 4950K [0x0000000081e00000, 0x0000000100000000)
  region size 1024K, 1 young (1024K), 1 survivors (1024K)
 Metaspace       used 9011K, committed 9152K, reserved 1114112K
  class space    used 1037K, committed 1088K, reserved 1048576K
}
Event: 1.681 GC heap before
{Heap before GC invocations=12 (full 0):
 garbage-first heap   total 18432K, used 10070K [0x0000000081e00000, 0x0000000100000000)
  region size 1024K, 6 young (6144K), 1 survivors (1024K)
 Metaspace       used 9022K, committed 9152K, reserved 1114112K
  class space    used 1037K, committed 1088K, reserved 1048576K
}
Event: 1.686 GC heap after
{Heap after GC invocations=13 (full 0):
 garbage-first heap   total 18432K, used 5751K [0x0000000081e00000, 0x0000000100000000)
  region size 1024K, 1 young (1024K), 1 survivors (1024K)
 Metaspace       used 9022K, committed 9152K, reserved 1114112K
  class space    used 1037K, committed 1088K, reserved 1048576K
}
Event: 1.801 GC heap before
{Heap before GC invocations=13 (full 0):
 garbage-first heap   total 18432K, used 9847K [0x0000000081e00000, 0x0000000100000000)
  region size 1024K, 6 young (6144K), 1 survivors (1024K)
 Metaspace       used 9088K, committed 9216K, reserved 1114112K
  class space    used 1039K, committed 1088K, reserved 1048576K
}
Event: 1.808 GC heap after
{Heap after GC invocations=14 (full 0):
 garbage-first heap   total 18432K, used 7354K [0x0000000081e00000, 0x0000000100000000)
  region size 1024K, 1 young (1024K), 1 survivors (1024K)
 Metaspace       used 9088K, committed 9216K, reserved 1114112K
  class space    used 1039K, committed 1088K, reserved 1048576K
}
Event: 1.834 GC heap before
{Heap before GC invocations=14 (full 0):
 garbage-first heap   total 18432K, used 11450K [0x0000000081e00000, 0x0000000100000000)
  region size 1024K, 5 young (5120K), 1 survivors (1024K)
 Metaspace       used 9088K, committed 9216K, reserved 1114112K
  class space    used 1039K, committed 1088K, reserved 1048576K
}
Event: 1.839 GC heap after
{Heap after GC invocations=15 (full 0):
 garbage-first heap   total 18432K, used 8067K [0x0000000081e00000, 0x0000000100000000)
  region size 1024K, 1 young (1024K), 1 survivors (1024K)
 Metaspace       used 9088K, committed 9216K, reserved 1114112K
  class space    used 1039K, committed 1088K, reserved 1048576K
}
Event: 1.958 GC heap before
{Heap before GC invocations=15 (full 0):
 garbage-first heap   total 18432K, used 12163K [0x0000000081e00000, 0x0000000100000000)
  region size 1024K, 5 young (5120K), 1 survivors (1024K)
 Metaspace       used 9194K, committed 9344K, reserved 1114112K
  class space    used 1051K, committed 1152K, reserved 1048576K
}
Event: 1.962 GC heap after
{Heap after GC invocations=16 (full 0):
 garbage-first heap   total 35840K, used 8852K [0x0000000081e00000, 0x0000000100000000)
  region size 1024K, 1 young (1024K), 1 survivors (1024K)
 Metaspace       used 9194K, committed 9344K, reserved 1114112K
  class space    used 1051K, committed 1152K, reserved 1048576K
}
Event: 3.484 GC heap before
{Heap before GC invocations=16 (full 0):
 garbage-first heap   total 35840K, used 24212K [0x0000000081e00000, 0x0000000100000000)
  region size 1024K, 15 young (15360K), 1 survivors (1024K)
 Metaspace       used 10635K, committed 10816K, reserved 1114112K
  class space    used 1182K, committed 1280K, reserved 1048576K
}

