# JRE version: Java(TM) SE Runtime Environment (17.0.12+8) (build 17.0.12+8-LTS-286)
# Java VM: Java HotSpot(TM) 64-Bit Server VM (17.0.12+8-LTS-286, mixed mode, sharing, tiered, compressed oops, compressed class ptrs, g1 gc, windows-amd64)
GC Precious Log:
 CPUs: 4 total, 4 available
 Memory: 8067M
 Large Page Support: Disabled
 NUMA Support: Disabled
 Compressed Oops: Enabled (32-bit)
 Heap Region Size: 1M
 Heap Min Capacity: 8M
 Heap Initial Capacity: 8M
 Heap Max Capacity: 2018M
 Pre-touch: Disabled
 Parallel Workers: 4
 Concurrent Workers: 1
 Concurrent Refinement Workers: 4
 Periodic GC: Disabled
Heap:
 garbage-first heap   total 17408K, used 8680K [0x0000000081e00000, 0x0000000100000000)
  region size 1024K, 1 young (1024K), 1 survivors (1024K)
 Metaspace       used 9118K, committed 9344K, reserved 1114112K
  class space    used 1046K, committed 1152K, reserved 1048576K
GC Heap History (20 events):
Event: 1.049 GC heap after
{Heap after GC invocations=4 (full 0):
 garbage-first heap   total 8192K, used 2536K [0x0000000081e00000, 0x0000000100000000)
  region size 1024K, 1 young (1024K), 1 survivors (1024K)
 Metaspace       used 7664K, committed 7872K, reserved 1114112K
  class space    used 873K, committed 960K, reserved 1048576K
}
Event: 1.118 GC heap before
{Heap before GC invocations=4 (full 0):
 garbage-first heap   total 8192K, used 3560K [0x0000000081e00000, 0x0000000100000000)
  region size 1024K, 2 young (2048K), 1 survivors (1024K)
 Metaspace       used 7842K, committed 8064K, reserved 1114112K
  class space    used 893K, committed 1024K, reserved 1048576K
}
Event: 1.121 GC heap after
{Heap after GC invocations=5 (full 0):
 garbage-first heap   total 10240K, used 2887K [0x0000000081e00000, 0x0000000100000000)
  region size 1024K, 1 young (1024K), 1 survivors (1024K)
 Metaspace       used 7842K, committed 8064K, reserved 1114112K
  class space    used 893K, committed 1024K, reserved 1048576K
}
Event: 1.285 GC heap before
{Heap before GC invocations=5 (full 0):
 garbage-first heap   total 10240K, used 4935K [0x0000000081e00000, 0x0000000100000000)
  region size 1024K, 3 young (3072K), 1 survivors (1024K)
 Metaspace       used 8461K, committed 8640K, reserved 1114112K
  class space    used 973K, committed 1024K, reserved 1048576K
}
Event: 1.304 GC heap after
{Heap after GC invocations=6 (full 0):
 garbage-first heap   total 10240K, used 3850K [0x0000000081e00000, 0x0000000100000000)
  region size 1024K, 1 young (1024K), 1 survivors (1024K)
 Metaspace       used 8461K, committed 8640K, reserved 1114112K
  class space    used 973K, committed 1024K, reserved 1048576K
}
Event: 1.458 GC heap before
{Heap before GC invocations=6 (full 0):
 garbage-first heap   total 10240K, used 5898K [0x0000000081e00000, 0x0000000100000000)
  region size 1024K, 3 young (3072K), 1 survivors (1024K)
 Metaspace       used 8706K, committed 8896K, reserved 1114112K
  class space    used 1004K, committed 1088K, reserved 1048576K
}
Event: 1.463 GC heap after
{Heap after GC invocations=7 (full 0):
 garbage-first heap   total 10240K, used 4507K [0x0000000081e00000, 0x0000000100000000)
  region size 1024K, 1 young (1024K), 1 survivors (1024K)
 Metaspace       used 8706K, committed 8896K, reserved 1114112K
  class space    used 1004K, committed 1088K, reserved 1048576K
}
Event: 1.482 GC heap before
{Heap before GC invocations=7 (full 0):
 garbage-first heap   total 10240K, used 5531K [0x0000000081e00000, 0x0000000100000000)
  region size 1024K, 2 young (2048K), 1 survivors (1024K)
 Metaspace       used 8732K, committed 8896K, reserved 1114112K
  class space    used 1004K, committed 1088K, reserved 1048576K
}
Event: 1.484 GC heap after
{Heap after GC invocations=8 (full 0):
 garbage-first heap   total 10240K, used 4612K [0x0000000081e00000, 0x0000000100000000)
  region size 1024K, 1 young (1024K), 1 survivors (1024K)
 Metaspace       used 8732K, committed 8896K, reserved 1114112K
  class space    used 1004K, committed 1088K, reserved 1048576K
}
Event: 1.524 GC heap before
{Heap before GC invocations=8 (full 0):
 garbage-first heap   total 10240K, used 5636K [0x0000000081e00000, 0x0000000100000000)
  region size 1024K, 2 young (2048K), 1 survivors (1024K)
 Metaspace       used 8813K, committed 8960K, reserved 1114112K
  class space    used 1012K, committed 1088K, reserved 1048576K
}
Event: 1.527 GC heap after
{Heap after GC invocations=9 (full 0):
 garbage-first heap   total 17408K, used 4738K [0x0000000081e00000, 0x0000000100000000)
  region size 1024K, 1 young (1024K), 1 survivors (1024K)
 Metaspace       used 8813K, committed 8960K, reserved 1114112K
  class space    used 1012K, committed 1088K, reserved 1048576K
}
Event: 1.615 GC heap before
{Heap before GC invocations=10 (full 0):
 garbage-first heap   total 17408K, used 8834K [0x0000000081e00000, 0x0000000100000000)
  region size 1024K, 5 young (5120K), 1 survivors (1024K)
 Metaspace       used 8998K, committed 9152K, reserved 1114112K
  class space    used 1036K, committed 1088K, reserved 1048576K
}
Event: 1.619 GC heap after
{Heap after GC invocations=11 (full 0):
 garbage-first heap   total 17408K, used 5474K [0x0000000081e00000, 0x0000000100000000)
  region size 1024K, 1 young (1024K), 1 survivors (1024K)
 Metaspace       used 8998K, committed 9152K, reserved 1114112K
  class space    used 1036K, committed 1088K, reserved 1048576K
}
Event: 1.654 GC heap before
{Heap before GC invocations=11 (full 0):
 garbage-first heap   total 17408K, used 9570K [0x0000000081e00000, 0x0000000100000000)
  region size 1024K, 5 young (5120K), 1 survivors (1024K)
 Metaspace       used 9020K, committed 9152K, reserved 1114112K
  class space    used 1037K, committed 1088K, reserved 1048576K
}
Event: 1.659 GC heap after
{Heap after GC invocations=12 (full 0):
 garbage-first heap   total 17408K, used 6196K [0x0000000081e00000, 0x0000000100000000)
  region size 1024K, 1 young (1024K), 1 survivors (1024K)
 Metaspace       used 9020K, committed 9152K, reserved 1114112K
  class space    used 1037K, committed 1088K, reserved 1048576K
}
Event: 1.710 GC heap before
{Heap before GC invocations=12 (full 0):
 garbage-first heap   total 17408K, used 9268K [0x0000000081e00000, 0x0000000100000000)
  region size 1024K, 5 young (5120K), 1 survivors (1024K)
 Metaspace       used 9060K, committed 9152K, reserved 1114112K
  class space    used 1038K, committed 1088K, reserved 1048576K
}
Event: 1.715 GC heap after
{Heap after GC invocations=13 (full 0):
 garbage-first heap   total 17408K, used 7561K [0x0000000081e00000, 0x0000000100000000)
  region size 1024K, 1 young (1024K), 1 survivors (1024K)
 Metaspace       used 9060K, committed 9152K, reserved 1114112K
  class space    used 1038K, committed 1088K, reserved 1048576K
}
Event: 1.729 GC heap before
{Heap before GC invocations=13 (full 0):
 garbage-first heap   total 17408K, used 10633K [0x0000000081e00000, 0x0000000100000000)
  region size 1024K, 4 young (4096K), 1 survivors (1024K)
 Metaspace       used 9060K, committed 9152K, reserved 1114112K
  class space    used 1038K, committed 1088K, reserved 1048576K
}
Event: 1.732 GC heap after
{Heap after GC invocations=14 (full 0):
 garbage-first heap   total 17408K, used 8028K [0x0000000081e00000, 0x0000000100000000)
  region size 1024K, 1 young (1024K), 1 survivors (1024K)
 Metaspace       used 9060K, committed 9152K, reserved 1114112K
  class space    used 1038K, committed 1088K, reserved 1048576K
}
Event: 1.779 GC heap before
{Heap before GC invocations=14 (full 0):
 garbage-first heap   total 17408K, used 11100K [0x0000000081e00000, 0x0000000100000000)
  region size 1024K, 4 young (4096K), 1 survivors (1024K)
 Metaspace       used 9118K, committed 9344K, reserved 1114112K
  class space    used 1046K, committed 1152K, reserved 1048576K
}

